<?xml version="1.0" encoding="UTF-8"?>
<!-- Generated by org.testng.reporters.JUnitReportReporter -->
<testsuite hostname="DESKTOP-798MOSF" failures="0" tests="1" name="com.waf.testcases.TestOnBoard" time="143.594" errors="0" timestamp="2024-10-24T15:51:09 IST" skipped="0">
  <testcase classname="com.waf.testcases.TestOnBoard" name="verifyOnboarding" time="143.594"/>
  <system-out/>
</testsuite> <!-- com.waf.testcases.TestOnBoard -->
